[2024-10-12 08:42:59] - Connecting to WebSocket server: localhost:8765
[2024-10-12 08:42:59] - Badge ID: - 9AETQR5Y
[2024-10-12 08:43:02] - Badge ID: + L3WTXWCK
[2024-10-12 08:43:05] - Badge ID: + IFCO9TTO
[2024-10-12 08:43:08] - Badge ID: + QIOIUJ7W
[2024-10-12 08:43:11] - Badge ID: - 4GR9GLRR
[2024-10-12 08:43:14] - Badge ID: - SIA45PM4
[2024-10-12 08:43:17] - Badge ID: + 0Y30N27S
[2024-10-12 08:43:20] - Badge ID: + Z2Y8XS49
[2024-10-12 08:43:23] - Badge ID: + ZZXBEZDN
[2024-10-12 08:43:26] - Badge ID: - OS2LMIDC
[2024-10-12 08:43:29] - Badge ID: + UKS0NWXV
[2024-10-12 08:43:32] - Badge ID: + GMZVT682
[2024-10-12 08:43:35] - Badge ID: + XYNZUAM5
[2024-10-12 08:43:38] - Badge ID: - A71J1HEV
[2024-10-12 08:43:41] - Badge ID: - V7XO8C1R
[2024-10-12 08:43:44] - Badge ID: + 1UIWXNE3
[2024-10-12 08:43:47] - Badge ID: + 64CI5LAL
[2024-10-12 08:43:50] - Badge ID: - TS0TWH7A
[2024-10-12 08:43:53] - Badge ID: - Q2KNNDUH
[2024-10-12 08:43:56] - Badge ID: - O5TC1J3J
[2024-10-12 08:43:59] - Badge ID: + HDV1PWBT
[2024-10-12 08:44:02] - Badge ID: + RKNPA2QA
[2024-10-12 08:44:05] - Badge ID: - GVQUJTIE
[2024-10-12 08:44:08] - Badge ID: - Z9FX4HY6
[2024-10-12 08:44:11] - Badge ID: - 1EPOARM1
[2024-10-12 08:44:14] - Badge ID: + 3UCWC232
[2024-10-12 08:44:17] - Badge ID: - 4FP4GZ83
[2024-10-12 08:44:20] - Badge ID: + 4KG3XQ4O
[2024-10-12 08:44:23] - Badge ID: + LHPS3PI8
[2024-10-12 08:44:26] - Badge ID: + AFGXK59H
[2024-10-12 08:44:29] - Badge ID: - SEAFTWAC
[2024-10-12 08:44:32] - Badge ID: - 3H7I9Y4P
[2024-10-12 08:44:35] - Badge ID: - 405DN6VA
[2024-10-12 08:44:38] - Badge ID: + 3ZLO80LA
[2024-10-12 08:44:41] - Badge ID: - AZS4OZ5Q
[2024-10-12 08:44:44] - Badge ID: - NAB7KN9R
[2024-10-12 08:44:47] - Badge ID: - FL1Q711B
[2024-10-12 08:44:50] - Badge ID: - MPBQP53Q
[2024-10-12 08:44:53] - Badge ID: + WCLCVWZ9
[2024-10-12 08:44:56] - Badge ID: + ZZ7EZ20D
[2024-10-12 08:44:59] - Badge ID: - FI9P6B0X
[2024-10-12 08:45:02] - Badge ID: - HMF8F756
[2024-10-12 08:45:05] - Badge ID: + K8QHJ06X
[2024-10-12 08:45:08] - Badge ID: + 1URB3VUA
[2024-10-12 08:45:11] - Badge ID: + CXQL8GKA
[2024-10-12 08:45:14] - Badge ID: - EP2D34EY
[2024-10-12 08:45:17] - Badge ID: - YL96R0SU
[2024-10-12 08:45:20] - Badge ID: - Y4H46OLN
[2024-10-12 08:45:23] - Badge ID: - XNQK2XJ8
[2024-10-12 08:45:26] - Badge ID: + X3LDJHUP
[2024-10-12 08:45:29] - Badge ID: - SDP9YE6L
[2024-10-12 08:45:32] - Badge ID: + YJGB2JNT
[2024-10-12 08:45:35] - Badge ID: - YKPGT31A
[2024-10-12 08:45:38] - Badge ID: - F89QTAHP
[2024-10-12 08:45:41] - Badge ID: + 6IUW5JM7
[2024-10-12 08:45:44] - Badge ID: - P0S2YXH5
[2024-10-12 08:45:47] - Badge ID: + TSNF7126
[2024-10-12 08:45:50] - Badge ID: + 9QNG9MKS
[2024-10-12 08:45:53] - Badge ID: + AA418TZI
[2024-10-12 08:45:56] - Badge ID: + 4HGEQ2PG
[2024-10-12 08:45:59] - Badge ID: - TPKTBRFN
[2024-10-12 08:46:02] - Badge ID: - 5ITHIX6Y
[2024-10-12 08:46:05] - Badge ID: + G1FWBI9Q
[2024-10-12 08:46:08] - Badge ID: - IPCITT79
[2024-10-12 08:46:11] - Badge ID: - 2U2MRHIH
[2024-10-12 08:46:14] - Badge ID: + 8OQ6ZFN9
[2024-10-12 08:46:17] - Badge ID: - HX8IS5P1
[2024-10-12 08:46:20] - Badge ID: - 5T7EMKUE
[2024-10-12 08:46:23] - Badge ID: + 6GM9DM0F
[2024-10-12 08:46:26] - Badge ID: - IR0KKTZC
[2024-10-12 08:46:29] - Badge ID: - 1P3FYILU
[2024-10-12 08:46:32] - Badge ID: + QEH21MFR
[2024-10-12 08:46:35] - Badge ID: + R127TCYI
[2024-10-12 08:46:38] - Badge ID: + YDWZKGNH
[2024-10-12 08:46:41] - Badge ID: + 6ZSGSFOL
[2024-10-12 08:46:44] - Badge ID: - 8B3UBQ1U
[2024-10-12 08:46:47] - Badge ID: - D9HH9KCH
[2024-10-12 08:46:50] - Badge ID: - NVZ3BQD7
[2024-10-12 08:46:53] - Badge ID: + KSK7Q2KL
[2024-10-12 08:46:56] - Badge ID: - SOD4P1W7
[2024-10-12 08:46:59] - Badge ID: - 4BWLUMW0
[2024-10-12 08:47:02] - Badge ID: + 5UUH8K7V
[2024-10-12 08:47:05] - Badge ID: - FB6ZKZBD
[2024-10-12 08:47:08] - Badge ID: - RVHQX6VR
[2024-10-12 08:47:11] - Badge ID: + LFE0NF29
[2024-10-12 08:47:14] - Badge ID: - B66XF2LN
[2024-10-12 08:47:17] - Badge ID: + PFQAX6UU
[2024-10-12 08:47:20] - Badge ID: - JQ01Z4SH
[2024-10-12 08:47:23] - Badge ID: + 2U3IPMBP
[2024-10-12 08:47:26] - Badge ID: + 60XH47KH
[2024-10-12 08:47:29] - Badge ID: + 0JNP737K
[2024-10-12 08:47:32] - Badge ID: + NHS6QWG9
[2024-10-12 08:47:35] - Badge ID: - ACVLCPQQ
[2024-10-12 08:47:38] - Badge ID: - OLZ2ULFP
[2024-10-12 08:47:41] - Badge ID: + KGVZX9GG
[2024-10-12 08:47:44] - Badge ID: - AKHHG8CC
[2024-10-12 08:47:47] - Badge ID: - 43GOBXUN
[2024-10-12 08:47:50] - Badge ID: - SI5M2BHC
[2024-10-12 08:47:53] - Badge ID: - 299J89R0
[2024-10-12 08:47:56] - Badge ID: + IHKPHOSM
[2024-10-12 08:47:59] - Badge ID: - ZY66Z9WJ
[2024-10-12 08:48:02] - Badge ID: + JZIUWLB9
[2024-10-12 08:48:05] - Badge ID: - 07HJP2EL
[2024-10-12 08:48:08] - Badge ID: + ESHXJBDA
[2024-10-12 08:48:11] - Badge ID: - QO893Y0Z
[2024-10-12 08:48:14] - Badge ID: + 2PVCBIUG
[2024-10-12 08:48:17] - Badge ID: - 5C1V331F
[2024-10-12 08:48:20] - Badge ID: - WH1TBRFV
[2024-10-12 08:48:23] - Badge ID: + TMC6IAS1
[2024-10-12 08:48:26] - Badge ID: - 0Z422UJI
[2024-10-12 08:48:29] - Badge ID: + 5NQWSQP2
[2024-10-12 08:48:32] - Badge ID: + 3KJ1XYJ8
[2024-10-12 08:48:35] - Badge ID: - SNERWDQF
[2024-10-12 08:48:38] - Badge ID: + DWZAGTK3
[2024-10-12 08:48:41] - Badge ID: - HSAFQPKA
[2024-10-12 08:48:44] - Badge ID: + IIJP2P6C
[2024-10-12 08:48:47] - Badge ID: + OMR1UCTL
[2024-10-12 08:48:50] - Badge ID: + X57OW2T5
[2024-10-12 08:48:53] - Badge ID: - 8QTNOJ10
[2024-10-12 08:48:56] - Badge ID: - UZHUP7FS
[2024-10-12 08:48:59] - Badge ID: - PYZGLLOF
[2024-10-12 08:49:02] - Badge ID: + JRRWXNSH
[2024-10-12 08:49:05] - Badge ID: + 4Q98UDUC
[2024-10-12 08:49:08] - Badge ID: - 4YPLYLJ7
[2024-10-12 08:49:11] - Badge ID: - OILDVKSQ
[2024-10-12 08:49:14] - Badge ID: + KQ8XQSJW
[2024-10-12 08:49:17] - Badge ID: + 05PC2LNQ
[2024-10-12 08:49:20] - Badge ID: + AGLO9VYB
[2024-10-12 08:49:23] - Badge ID: - LJSZB456
[2024-10-12 08:49:26] - Badge ID: + 5T1H53YN
[2024-10-12 08:49:29] - Badge ID: - B2GD82NJ
[2024-10-12 08:49:32] - Badge ID: + HOPMEZW9
[2024-10-12 08:49:35] - Badge ID: - S1G5B2DF
[2024-10-12 08:49:38] - Badge ID: + 3CA5M0LV
[2024-10-12 08:49:41] - Badge ID: - 0KFFN6V9
[2024-10-12 08:49:44] - Badge ID: + KO60VZTB
[2024-10-12 08:49:47] - Badge ID: - MRM65P1Z
[2024-10-12 08:49:50] - Badge ID: - 365VY8SN
[2024-10-12 08:49:53] - Badge ID: + 3T0LBQY2
[2024-10-12 08:49:56] - Badge ID: - G271BYX9
[2024-10-12 08:49:59] - Badge ID: - RQFHLGIC
[2024-10-12 08:50:02] - Badge ID: + Q659GHCY
[2024-10-12 08:50:05] - Badge ID: - 79EKDAQB
[2024-10-12 08:50:08] - Badge ID: - 8SWI446Z
[2024-10-12 08:50:11] - Badge ID: - E80UFDL8
[2024-10-12 08:50:14] - Badge ID: + RR0SHKUQ
[2024-10-12 08:50:17] - Badge ID: - K3JI3O9T
[2024-10-12 08:50:20] - Badge ID: - OA2R9Q5S
[2024-10-12 08:50:23] - Badge ID: - 0VZ2E5OU
[2024-10-12 08:50:26] - Badge ID: + I6D6L8VD
[2024-10-12 08:50:29] - Badge ID: + 8Y2WCW9I
[2024-10-12 08:50:32] - Badge ID: - 8COBALQR
[2024-10-12 08:50:35] - Badge ID: + HPA1TJZC
[2024-10-12 08:50:38] - Badge ID: - HQOIOU23
[2024-10-12 08:50:41] - Badge ID: - YE37QG89
[2024-10-12 08:50:44] - Badge ID: + R818RCG9
[2024-10-12 08:50:47] - Badge ID: + GHJ2UDGZ
[2024-10-12 08:50:50] - Badge ID: + ZH5I2TWX
[2024-10-12 08:50:53] - Badge ID: - UIOQF70H
[2024-10-12 08:50:56] - Badge ID: - CT5XWUJZ
[2024-10-12 08:50:59] - Badge ID: + 6IF28TU6
[2024-10-12 08:51:02] - Badge ID: + S1G5KMZ7
[2024-10-12 08:51:05] - Badge ID: + UML9RTBU
[2024-10-12 08:51:08] - Badge ID: + 5A72EEUH
[2024-10-12 08:51:11] - Badge ID: + M3N7BAE0
[2024-10-12 08:51:14] - Badge ID: - A7I8EI5I
[2024-10-12 08:51:17] - Badge ID: + 6JGS4WAO
[2024-10-12 08:51:20] - Badge ID: + 8AJ86BC1
[2024-10-12 08:51:23] - Badge ID: + H1RLQ28C
[2024-10-12 08:51:26] - Badge ID: - VIEI1FHD
[2024-10-12 08:51:29] - Badge ID: - 8JMUW45W
[2024-10-12 08:51:32] - Badge ID: + ZRK7F8SO
[2024-10-12 08:51:35] - Badge ID: + 5IKNSGJ1
[2024-10-12 08:51:38] - Badge ID: - JRUU59RM
[2024-10-12 08:51:41] - Badge ID: + SFQ6K1G7
[2024-10-12 08:51:44] - Badge ID: - KIN3M7PZ
[2024-10-12 08:51:47] - Badge ID: + 3TLI25RL
[2024-10-12 08:51:50] - Badge ID: - HGI8WZL4
[2024-10-12 08:51:53] - Badge ID: - 322DPIMD
[2024-10-12 08:51:56] - Badge ID: + 37JI7BYM
[2024-10-12 08:51:59] - Badge ID: - KMWE64L0
[2024-10-12 08:52:02] - Badge ID: - M4NPGC2M
[2024-10-12 08:52:05] - Badge ID: + 7GGMAUR0
[2024-10-12 08:52:08] - Badge ID: + JDNA4QAS
[2024-10-12 08:52:11] - Badge ID: + 0CKYQV1H
[2024-10-12 08:52:14] - Badge ID: - 4JGKY8U0
[2024-10-12 08:52:17] - Badge ID: - MVNML44N
[2024-10-12 08:52:20] - Badge ID: + IYDTCY5N
[2024-10-12 08:52:23] - Badge ID: + ZSOVFDWJ
[2024-10-12 08:52:26] - Badge ID: - T5KL8LUZ
[2024-10-12 08:52:29] - Badge ID: - Y8CHRIXF
[2024-10-12 08:52:32] - Badge ID: - PPLVK7MF
[2024-10-12 08:52:35] - Badge ID: + 4T0IT977
[2024-10-12 08:52:38] - Badge ID: - 9DUP3VCH
[2024-10-12 08:52:41] - Badge ID: - IA1572OV
[2024-10-12 08:52:44] - Badge ID: - 5UV75JO8
[2024-10-12 08:52:47] - Badge ID: - EHT38Z6H
[2024-10-12 08:52:50] - Badge ID: + PDC654T8
[2024-10-12 08:52:53] - Badge ID: - Z7RKHJXG
[2024-10-12 08:52:56] - Badge ID: - ACWPW73E
[2024-10-12 08:52:59] - Badge ID: + QDHLP5SX
[2024-10-12 08:53:02] - Badge ID: - 9BTWDPAF
[2024-10-12 08:53:05] - Badge ID: - PTIQBLM8
[2024-10-12 08:53:08] - Badge ID: + UT5KQJYH
[2024-10-12 08:53:11] - Badge ID: + UPESD9XE
[2024-10-12 08:53:14] - Badge ID: + 2YPJ4QL3
